INFO [2017-11-27 15:14:23] $x
INFO [2017-11-27 15:14:23] list(SNP_pop_1, SNP_pop_2, SNP_pop_3)
INFO [2017-11-27 15:14:23] 
INFO [2017-11-27 15:14:23] $category.names
INFO [2017-11-27 15:14:23] c("SNP pop 1", "SNP pop 2 ", "SNP pop 3")
INFO [2017-11-27 15:14:23] 
INFO [2017-11-27 15:14:23] $filename
INFO [2017-11-27 15:14:23] [1] "#14_venn_diagramm.png"
INFO [2017-11-27 15:14:23] 
INFO [2017-11-27 15:14:23] $output
INFO [2017-11-27 15:14:23] [1] TRUE
INFO [2017-11-27 15:14:23] 
INFO [2017-11-27 15:14:23] $imagetype
INFO [2017-11-27 15:14:23] [1] "png"
INFO [2017-11-27 15:14:23] 
INFO [2017-11-27 15:14:23] $height
INFO [2017-11-27 15:14:23] [1] 480
INFO [2017-11-27 15:14:23] 
INFO [2017-11-27 15:14:23] $width
INFO [2017-11-27 15:14:23] [1] 480
INFO [2017-11-27 15:14:23] 
INFO [2017-11-27 15:14:23] $resolution
INFO [2017-11-27 15:14:23] [1] 300
INFO [2017-11-27 15:14:23] 
INFO [2017-11-27 15:14:23] $compression
INFO [2017-11-27 15:14:23] [1] "lzw"
INFO [2017-11-27 15:14:23] 
INFO [2017-11-27 15:14:23] $lwd
INFO [2017-11-27 15:14:23] [1] 2
INFO [2017-11-27 15:14:23] 
INFO [2017-11-27 15:14:23] $lty
INFO [2017-11-27 15:14:23] [1] "blank"
INFO [2017-11-27 15:14:23] 
INFO [2017-11-27 15:14:23] $fill
INFO [2017-11-27 15:14:23] c("yellow", "purple", "green")
INFO [2017-11-27 15:14:23] 
INFO [2017-11-27 15:14:23] $cex
INFO [2017-11-27 15:14:23] [1] 1
INFO [2017-11-27 15:14:23] 
INFO [2017-11-27 15:14:23] $fontface
INFO [2017-11-27 15:14:23] [1] "bold"
INFO [2017-11-27 15:14:23] 
INFO [2017-11-27 15:14:23] $fontfamily
INFO [2017-11-27 15:14:23] [1] "sans"
INFO [2017-11-27 15:14:23] 
INFO [2017-11-27 15:14:23] $cat.cex
INFO [2017-11-27 15:14:23] [1] 0.6
INFO [2017-11-27 15:14:23] 
INFO [2017-11-27 15:14:23] $cat.fontface
INFO [2017-11-27 15:14:23] [1] "bold"
INFO [2017-11-27 15:14:23] 
INFO [2017-11-27 15:14:23] $cat.default.pos
INFO [2017-11-27 15:14:23] [1] "outer"
INFO [2017-11-27 15:14:23] 
INFO [2017-11-27 15:14:23] $cat.pos
INFO [2017-11-27 15:14:23] c(-27, 27, 135)
INFO [2017-11-27 15:14:23] 
INFO [2017-11-27 15:14:23] $cat.dist
INFO [2017-11-27 15:14:23] c(0.055, 0.055, 0.085)
INFO [2017-11-27 15:14:23] 
INFO [2017-11-27 15:14:23] $cat.fontfamily
INFO [2017-11-27 15:14:23] [1] "sans"
INFO [2017-11-27 15:14:23] 
INFO [2017-11-27 15:14:23] $rotation
INFO [2017-11-27 15:14:23] [1] 1
INFO [2017-11-27 15:14:23] 
